<?xml version="1.0" encoding="UTF-8"?>
<!-- Generated by org.testng.reporters.JUnitXMLReporter -->
<testsuite ignored="0" hostname="fv-az566-614" failures="1" tests="1" name="Surefire test" time="2.956" errors="0" timestamp="2025-01-01T04:19:22 UTC">
  <testcase classname="GoogleTest" name="testGoogle" time="0.638">
    <failure type="java.lang.AssertionError" message="Page title does not match! expected [Google1] but found [Google]">
      <![CDATA[java.lang.AssertionError: Page title does not match! expected [Google1] but found [Google]
at GoogleTest.testGoogle(GoogleTest.java:48)
at java.base/java.util.ArrayList.forEach(ArrayList.java:1541)
... Removed 37 stack frames]]>
    </failure>
  </testcase> <!-- testGoogle -->
</testsuite> <!-- Surefire test -->
